<?xml version="1.0" encoding="UTF-8"?>
<testng-results ignored="0" total="1" passed="1" failed="0" skipped="0">
  <reporter-output>
  </reporter-output>
  <suite started-at="2023-04-27T09:08:01 IST" name="Default suite" finished-at="2023-04-27T09:08:05 IST" duration-ms="4048">
    <groups>
    </groups>
    <test started-at="2023-04-27T09:08:01 IST" name="Default test" finished-at="2023-04-27T09:08:05 IST" duration-ms="4048">
      <class name="Test_RestAPI.GetPostExamples">
        <test-method signature="PostRequest()[pri:0, instance:Test_RestAPI.GetPostExamples@31304f14]" started-at="2023-04-27T09:08:01 IST" name="PostRequest" finished-at="2023-04-27T09:08:05 IST" duration-ms="3986" status="PASS">
          <reporter-output>
          </reporter-output>
        </test-method> <!-- PostRequest -->
      </class> <!-- Test_RestAPI.GetPostExamples -->
    </test> <!-- Default test -->
  </suite> <!-- Default suite -->
</testng-results>
